C:\USERS\CHRIS\DOCUMENTS\VISUAL STUDIO 2012\PROJECTS\RENDERER\PROJECT2\X64\DEBUG\CAMERA.OBJ
C:\USERS\CHRIS\DOCUMENTS\VISUAL STUDIO 2012\PROJECTS\RENDERER\PROJECT2\X64\DEBUG\D3DBASE.OBJ
C:\USERS\CHRIS\DOCUMENTS\VISUAL STUDIO 2012\PROJECTS\RENDERER\PROJECT2\X64\DEBUG\SOURCE.OBJ
C:\USERS\CHRIS\DOCUMENTS\VISUAL STUDIO 2012\PROJECTS\RENDERER\PROJECT2\X64\DEBUG\RENDERER.OBJ
C:\USERS\CHRIS\DOCUMENTS\VISUAL STUDIO 2012\PROJECTS\RENDERER\PROJECT2\X64\DEBUG\VC110.PDB
C:\Users\Chris\Documents\Visual Studio 2012\Projects\Renderer\x64\Debug\BlurPixel.cso
C:\Users\Chris\Documents\Visual Studio 2012\Projects\Renderer\x64\Debug\PlainPixel.cso
C:\Users\Chris\Documents\Visual Studio 2012\Projects\Renderer\x64\Debug\PlainVert.cso
C:\Users\Chris\Documents\Visual Studio 2012\Projects\Renderer\x64\Debug\PlaneVertexShader.cso
C:\Users\Chris\Documents\Visual Studio 2012\Projects\Renderer\x64\Debug\GIPixel.cso
C:\Users\Chris\Documents\Visual Studio 2012\Projects\Renderer\x64\Debug\PlaneVertexShader2.cso
C:\Users\Chris\Documents\Visual Studio 2012\Projects\Renderer\x64\Debug\BlurCS.cso
C:\Users\Chris\Documents\Visual Studio 2012\Projects\Renderer\x64\Debug\TextureShader.cso
C:\USERS\CHRIS\DOCUMENTS\VISUAL STUDIO 2012\PROJECTS\RENDERER\X64\DEBUG\PLANEVERTEXSHADER.CSO
C:\USERS\CHRIS\DOCUMENTS\VISUAL STUDIO 2012\PROJECTS\RENDERER\X64\DEBUG\GIPIXEL.CSO
C:\USERS\CHRIS\DOCUMENTS\VISUAL STUDIO 2012\PROJECTS\RENDERER\X64\DEBUG\PLANEVERTEXSHADER2.CSO
C:\USERS\CHRIS\DOCUMENTS\VISUAL STUDIO 2012\PROJECTS\RENDERER\X64\DEBUG\PLAINVERT.CSO
C:\USERS\CHRIS\DOCUMENTS\VISUAL STUDIO 2012\PROJECTS\RENDERER\X64\DEBUG\BLURPIXEL.CSO
C:\USERS\CHRIS\DOCUMENTS\VISUAL STUDIO 2012\PROJECTS\RENDERER\X64\DEBUG\TEXTURESHADER.CSO
C:\USERS\CHRIS\DOCUMENTS\VISUAL STUDIO 2012\PROJECTS\RENDERER\X64\DEBUG\BLURCS.CSO
C:\USERS\CHRIS\DOCUMENTS\VISUAL STUDIO 2012\PROJECTS\RENDERER\X64\DEBUG\PLAINPIXEL.CSO
C:\USERS\CHRIS\DOCUMENTS\VISUAL STUDIO 2012\PROJECTS\RENDERER\X64\DEBUG\DIRECTX.ILK
C:\USERS\CHRIS\DOCUMENTS\VISUAL STUDIO 2012\PROJECTS\RENDERER\X64\DEBUG\DIRECTX.EXE
C:\USERS\CHRIS\DOCUMENTS\VISUAL STUDIO 2012\PROJECTS\RENDERER\X64\DEBUG\DIRECTX.PDB
C:\Users\Chris\Documents\Visual Studio 2012\Projects\Renderer\Project2\x64\Debug\Camera.obj
C:\Users\Chris\Documents\Visual Studio 2012\Projects\Renderer\Project2\x64\Debug\D3DBase.obj
C:\Users\Chris\Documents\Visual Studio 2012\Projects\Renderer\Project2\x64\Debug\Renderer.obj
C:\Users\Chris\Documents\Visual Studio 2012\Projects\Renderer\Project2\x64\Debug\Source.obj
C:\Users\Chris\Documents\Visual Studio 2012\Projects\Renderer\Project2\x64\Debug\cl.command.1.tlog
C:\Users\Chris\Documents\Visual Studio 2012\Projects\Renderer\Project2\x64\Debug\CL.read.1.tlog
C:\Users\Chris\Documents\Visual Studio 2012\Projects\Renderer\Project2\x64\Debug\CL.write.1.tlog
C:\Users\Chris\Documents\Visual Studio 2012\Projects\Renderer\Project2\x64\Debug\DirectX.write.1.tlog
C:\Users\Chris\Documents\Visual Studio 2012\Projects\Renderer\Project2\x64\Debug\FXC.command.1.tlog
C:\Users\Chris\Documents\Visual Studio 2012\Projects\Renderer\Project2\x64\Debug\fxc.read.1.tlog
C:\Users\Chris\Documents\Visual Studio 2012\Projects\Renderer\Project2\x64\Debug\fxc.write.1.tlog
C:\Users\Chris\Documents\Visual Studio 2012\Projects\Renderer\Project2\x64\Debug\link-cvtres.read.1.tlog
C:\Users\Chris\Documents\Visual Studio 2012\Projects\Renderer\Project2\x64\Debug\link-cvtres.write.1.tlog
C:\Users\Chris\Documents\Visual Studio 2012\Projects\Renderer\Project2\x64\Debug\link-rc.read.1.tlog
C:\Users\Chris\Documents\Visual Studio 2012\Projects\Renderer\Project2\x64\Debug\link-rc.write.1.tlog
C:\Users\Chris\Documents\Visual Studio 2012\Projects\Renderer\Project2\x64\Debug\link.4396-cvtres.read.1.tlog
C:\Users\Chris\Documents\Visual Studio 2012\Projects\Renderer\Project2\x64\Debug\link.4396-cvtres.write.1.tlog
C:\Users\Chris\Documents\Visual Studio 2012\Projects\Renderer\Project2\x64\Debug\link.4396-rc.read.1.tlog
C:\Users\Chris\Documents\Visual Studio 2012\Projects\Renderer\Project2\x64\Debug\link.4396-rc.write.1.tlog
C:\Users\Chris\Documents\Visual Studio 2012\Projects\Renderer\Project2\x64\Debug\link.4396.read.1.tlog
C:\Users\Chris\Documents\Visual Studio 2012\Projects\Renderer\Project2\x64\Debug\link.4396.write.1.tlog
C:\Users\Chris\Documents\Visual Studio 2012\Projects\Renderer\Project2\x64\Debug\link.5172-cvtres.read.1.tlog
C:\Users\Chris\Documents\Visual Studio 2012\Projects\Renderer\Project2\x64\Debug\link.5172-cvtres.write.1.tlog
C:\Users\Chris\Documents\Visual Studio 2012\Projects\Renderer\Project2\x64\Debug\link.5172-rc.read.1.tlog
C:\Users\Chris\Documents\Visual Studio 2012\Projects\Renderer\Project2\x64\Debug\link.5172-rc.write.1.tlog
C:\Users\Chris\Documents\Visual Studio 2012\Projects\Renderer\Project2\x64\Debug\link.5172.read.1.tlog
C:\Users\Chris\Documents\Visual Studio 2012\Projects\Renderer\Project2\x64\Debug\link.5172.write.1.tlog
C:\Users\Chris\Documents\Visual Studio 2012\Projects\Renderer\Project2\x64\Debug\link.5856-cvtres.read.1.tlog
C:\Users\Chris\Documents\Visual Studio 2012\Projects\Renderer\Project2\x64\Debug\link.5856-cvtres.write.1.tlog
C:\Users\Chris\Documents\Visual Studio 2012\Projects\Renderer\Project2\x64\Debug\link.5856-rc.read.1.tlog
C:\Users\Chris\Documents\Visual Studio 2012\Projects\Renderer\Project2\x64\Debug\link.5856-rc.write.1.tlog
C:\Users\Chris\Documents\Visual Studio 2012\Projects\Renderer\Project2\x64\Debug\link.5856.read.1.tlog
C:\Users\Chris\Documents\Visual Studio 2012\Projects\Renderer\Project2\x64\Debug\link.5856.write.1.tlog
C:\Users\Chris\Documents\Visual Studio 2012\Projects\Renderer\Project2\x64\Debug\link.6712-cvtres.read.1.tlog
C:\Users\Chris\Documents\Visual Studio 2012\Projects\Renderer\Project2\x64\Debug\link.6712-cvtres.write.1.tlog
C:\Users\Chris\Documents\Visual Studio 2012\Projects\Renderer\Project2\x64\Debug\link.6712-rc.read.1.tlog
C:\Users\Chris\Documents\Visual Studio 2012\Projects\Renderer\Project2\x64\Debug\link.6712-rc.write.1.tlog
C:\Users\Chris\Documents\Visual Studio 2012\Projects\Renderer\Project2\x64\Debug\link.6712.read.1.tlog
C:\Users\Chris\Documents\Visual Studio 2012\Projects\Renderer\Project2\x64\Debug\link.6712.write.1.tlog
C:\Users\Chris\Documents\Visual Studio 2012\Projects\Renderer\Project2\x64\Debug\link.command.1.tlog
C:\Users\Chris\Documents\Visual Studio 2012\Projects\Renderer\Project2\x64\Debug\link.read.1.tlog
C:\Users\Chris\Documents\Visual Studio 2012\Projects\Renderer\Project2\x64\Debug\link.write.1.tlog
C:\Users\Chris\Documents\Visual Studio 2012\Projects\Renderer\Project2\x64\Debug\vc110.idb
C:\Users\Chris\Documents\Visual Studio 2012\Projects\Renderer\Project2\x64\Debug\vc110.pdb
C:\Users\Chris\Documents\Visual Studio 2012\Projects\Renderer\x64\Debug\DirectX.pdb
C:\Users\Chris\Documents\Visual Studio 2012\Projects\Renderer\x64\Debug\DirectX.exe
C:\Users\Chris\Documents\Visual Studio 2012\Projects\Renderer\x64\Debug\DirectX.ilk
